<?xml version="1.0" encoding="UTF-8"?>
<robot generator="Robot 7.2.2 (Python 3.12.5 on darwin)" generated="2025-06-09T14:57:26.637931" rpa="false" schemaversion="5">
<suite id="s1" name="Tests" source="/Users/jcmuchar/Documents/Ujep/TSW/TSW-1/zapocet10/tests">
<suite id="s1-s1" name="Form Test" source="/Users/jcmuchar/Documents/Ujep/TSW/TSW-1/zapocet10/tests/form_test.robot">
<kw name="Open Browser To Home" owner="keywords" type="SETUP">
<kw name="Open Browser" owner="SeleniumLibrary">
<msg time="2025-06-09T14:57:26.712166" level="INFO">Opening browser 'Chrome' to base url 'http://127.0.0.1:5000'.</msg>
<arg>${HOST}</arg>
<arg>${BROWSER}</arg>
<doc>Opens a new browser instance to the optional ``url``.</doc>
<status status="PASS" start="2025-06-09T14:57:26.712064" elapsed="2.996490"/>
</kw>
<kw name="Maximize Browser Window" owner="SeleniumLibrary">
<doc>Maximizes current browser window.</doc>
<status status="PASS" start="2025-06-09T14:57:29.708998" elapsed="0.393123"/>
</kw>
<status status="PASS" start="2025-06-09T14:57:26.711803" elapsed="3.390571"/>
</kw>
<test id="s1-s1-t1" name="Zobrazení domovské stránky" line="14">
<kw name="Title Should Be" owner="SeleniumLibrary">
<msg time="2025-06-09T14:57:30.116555" level="INFO">Page title is 'Robot FW hlavni strana'.</msg>
<arg>Robot FW hlavni strana</arg>
<doc>Verifies that the current page title equals ``title``.</doc>
<status status="PASS" start="2025-06-09T14:57:30.103328" elapsed="0.013343"/>
</kw>
<status status="PASS" start="2025-06-09T14:57:30.102646" elapsed="0.014357"/>
</test>
<test id="s1-s1-t2" name="Vyplnění a odeslání formuláře" line="17">
<kw name="Go To" owner="SeleniumLibrary">
<msg time="2025-06-09T14:57:30.117693" level="INFO">Opening url 'http://127.0.0.1:5000/form'</msg>
<arg>${HOST}/form</arg>
<doc>Navigates the current browser window to the provided ``url``.</doc>
<status status="PASS" start="2025-06-09T14:57:30.117542" elapsed="0.021315"/>
</kw>
<kw name="Fill And Submit Form" owner="keywords">
<kw name="Input Text" owner="SeleniumLibrary">
<msg time="2025-06-09T14:57:30.140270" level="INFO">Typing text 'David' into text field 'name'.</msg>
<arg>name</arg>
<arg>${NAME}</arg>
<doc>Types the given ``text`` into the text field identified by ``locator``.</doc>
<status status="PASS" start="2025-06-09T14:57:30.139599" elapsed="0.101511"/>
</kw>
<kw name="Input Text" owner="SeleniumLibrary">
<msg time="2025-06-09T14:57:30.241387" level="INFO">Typing text 'david@email.cz' into text field 'email'.</msg>
<arg>email</arg>
<arg>${EMAIL}</arg>
<doc>Types the given ``text`` into the text field identified by ``locator``.</doc>
<status status="PASS" start="2025-06-09T14:57:30.241240" elapsed="0.022743"/>
</kw>
<kw name="Click Button" owner="SeleniumLibrary">
<msg time="2025-06-09T14:57:30.264221" level="INFO">Clicking button 'Submit'.</msg>
<arg>Submit</arg>
<doc>Clicks the button identified by ``locator``.</doc>
<status status="PASS" start="2025-06-09T14:57:30.264106" elapsed="0.029642"/>
</kw>
<status status="PASS" start="2025-06-09T14:57:30.139364" elapsed="0.154621"/>
</kw>
<kw name="Verify Entry Exists" owner="keywords">
<kw name="Page Should Contain" owner="SeleniumLibrary">
<msg time="2025-06-09T14:57:30.303292" level="INFO">Current page contains text 'David'.</msg>
<arg>${NAME}</arg>
<doc>Verifies that current page contains ``text``.</doc>
<status status="PASS" start="2025-06-09T14:57:30.294370" elapsed="0.009047"/>
</kw>
<kw name="Page Should Contain" owner="SeleniumLibrary">
<msg time="2025-06-09T14:57:30.312498" level="INFO">Current page contains text 'david@email.cz'.</msg>
<arg>${EMAIL}</arg>
<doc>Verifies that current page contains ``text``.</doc>
<status status="PASS" start="2025-06-09T14:57:30.303542" elapsed="0.008999"/>
</kw>
<status status="PASS" start="2025-06-09T14:57:30.294205" elapsed="0.018380"/>
</kw>
<status status="PASS" start="2025-06-09T14:57:30.117263" elapsed="0.195417"/>
</test>
<test id="s1-s1-t3" name="Mazání dat" line="22">
<kw name="Go To" owner="SeleniumLibrary">
<msg time="2025-06-09T14:57:30.312981" level="INFO">Opening url 'http://127.0.0.1:5000/reset'</msg>
<arg>${HOST}/reset</arg>
<doc>Navigates the current browser window to the provided ``url``.</doc>
<status status="PASS" start="2025-06-09T14:57:30.312915" elapsed="0.005049"/>
</kw>
<kw name="Page Should Contain" owner="SeleniumLibrary">
<msg time="2025-06-09T14:57:30.326944" level="INFO">Current page contains text 'Smazano!'.</msg>
<arg>Smazano!</arg>
<doc>Verifies that current page contains ``text``.</doc>
<status status="PASS" start="2025-06-09T14:57:30.318409" elapsed="0.008610"/>
</kw>
<status status="PASS" start="2025-06-09T14:57:30.312784" elapsed="0.014347"/>
</test>
<kw name="Close Browser" owner="SeleniumLibrary" type="TEARDOWN">
<doc>Closes the current browser.</doc>
<status status="PASS" start="2025-06-09T14:57:30.327387" elapsed="0.068288"/>
</kw>
<doc>Testy v Robot FW</doc>
<status status="PASS" start="2025-06-09T14:57:26.650005" elapsed="3.745721"/>
</suite>
<status status="PASS" start="2025-06-09T14:57:26.638645" elapsed="3.757389"/>
</suite>
<statistics>
<total>
<stat pass="3" fail="0" skip="0">All Tests</stat>
</total>
<tag>
</tag>
<suite>
<stat name="Tests" id="s1" pass="3" fail="0" skip="0">Tests</stat>
<stat name="Form Test" id="s1-s1" pass="3" fail="0" skip="0">Tests.Form Test</stat>
</suite>
</statistics>
<errors>
</errors>
</robot>
